Arguments: 
  C:\Program Files\nodejs\node.exe C:\Program Files (x86)\Yarn\bin\yarn.js add mongodb

PATH: 
  C:\Program Files\Git\mingw64\bin;C:\Program Files\Git\usr\bin;C:\Users\AR POLAS\bin;C:\Windows\system32;C:\Windows;C:\Windows\System32\Wbem;C:\Windows\System32\WindowsPowerShell\v1.0;C:\Program Files\Git\cmd;C:\Program Files\nodejs;C:\Program Files (x86)\Yarn\bin;C:\Users\AR POLAS\AppData\Local\Microsoft\WindowsApps;C:\Users\AR POLAS\AppData\Local\Programs\Microsoft VS Code\bin;C:\Users\AR POLAS\AppData\Roaming\npm;C:\Users\AR POLAS\AppData\Local\Yarn\bin

Yarn version: 
  1.22.5

Node version: 
  12.18.1

Platform: 
  win32 x64

Trace: 
  SyntaxError: C:\mongo-node\package.json: Unexpected token } in JSON at position 341
      at JSON.parse (<anonymous>)
      at C:\Program Files (x86)\Yarn\lib\cli.js:1625:59
      at Generator.next (<anonymous>)
      at step (C:\Program Files (x86)\Yarn\lib\cli.js:310:30)
      at C:\Program Files (x86)\Yarn\lib\cli.js:321:13

npm manifest: 
  {
    "name": "mongo-node",
    "version": "1.0.0",
    "description": "",
    "main": "index.js",
    "scripts": {
      "start" : "nodemon index.js",
      "test": "echo \"Error: no test specified\" && exit 1"
    },
    "author": "",
    "license": "ISC",
    "dependencies": {
      "body-parser": "^1.19.0",
      "cors": "^2.8.5",
      "express": "^4.17.1",
   
    },
    "devDependencies": {
      "nodemon": "^2.0.4"
    }
  }

yarn manifest: 
  No manifest

Lockfile: 
  No lockfile
